<?xml version="1.0" encoding="UTF-8"?>
<!-- Generated by org.testng.reporters.JUnitXMLReporter -->
<testsuite ignored="0" hostname="Vishal" failures="0" tests="3" name="Test" time="161.882" errors="0" timestamp="2022-02-09T10:46:27 IST">
  <testcase classname="RunTest.TestClass" name="getHospitalNames" time="51.515"/>
  <testcase classname="RunTest.TestClass" name="Diagnosticpage" time="4.929"/>
  <testcase classname="RunTest.TestClass" name="CopWelleness" time="105.37"/>
</testsuite> <!-- Test -->
