<?xml version="1.0" encoding="UTF-8"?>
<!-- Generated by org.testng.reporters.JUnitXMLReporter -->
<testsuite hostname="Vishal" ignored="0" name="Test" tests="3" failures="0" timestamp="2022-02-09T10:36:21 IST" time="130.361" errors="0">
  <testcase name="getHospitalNames" time="39.1" classname="RunTest.TestClass"/>
  <testcase name="Diagnosticpage" time="6.79" classname="RunTest.TestClass"/>
  <testcase name="CopWelleness" time="84.309" classname="RunTest.TestClass"/>
</testsuite> <!-- Test -->
