<?xml version="1.0" encoding="UTF-8"?>
<testsuite xmlns:xsi="http://www.w3.org/2001/XMLSchema-instance" xsi:noNamespaceSchemaLocation="https://maven.apache.org/surefire/maven-surefire-plugin/xsd/surefire-test-report-3.0.xsd" version="3.0" name="TestSuite" time="132.204" tests="3" errors="0" skipped="0" failures="0">
  <properties>
    <property name="sun.desktop" value="windows"/>
    <property name="awt.toolkit" value="sun.awt.windows.WToolkit"/>
    <property name="file.encoding.pkg" value="sun.io"/>
    <property name="java.specification.version" value="1.8"/>
    <property name="sun.cpu.isalist" value="amd64"/>
    <property name="sun.jnu.encoding" value="Cp1252"/>
    <property name="java.class.path" value="D:\PR\HospitalProject\HospitalProject\target\test-classes;D:\PR\HospitalProject\HospitalProject\target\classes;C:\ProgramData\Jenkins\.jenkins\maven-repositories\1\org\seleniumhq\selenium\selenium-java\3.141.59\selenium-java-3.141.59.jar;C:\ProgramData\Jenkins\.jenkins\maven-repositories\1\org\seleniumhq\selenium\selenium-api\3.141.59\selenium-api-3.141.59.jar;C:\ProgramData\Jenkins\.jenkins\maven-repositories\1\org\seleniumhq\selenium\selenium-ie-driver\3.141.59\selenium-ie-driver-3.141.59.jar;C:\ProgramData\Jenkins\.jenkins\maven-repositories\1\org\seleniumhq\selenium\selenium-opera-driver\3.141.59\selenium-opera-driver-3.141.59.jar;C:\ProgramData\Jenkins\.jenkins\maven-repositories\1\org\seleniumhq\selenium\selenium-remote-driver\3.141.59\selenium-remote-driver-3.141.59.jar;C:\ProgramData\Jenkins\.jenkins\maven-repositories\1\org\seleniumhq\selenium\selenium-safari-driver\3.141.59\selenium-safari-driver-3.141.59.jar;C:\ProgramData\Jenkins\.jenkins\maven-repositories\1\org\seleniumhq\selenium\selenium-support\3.141.59\selenium-support-3.141.59.jar;C:\ProgramData\Jenkins\.jenkins\maven-repositories\1\net\bytebuddy\byte-buddy\1.8.15\byte-buddy-1.8.15.jar;C:\ProgramData\Jenkins\.jenkins\maven-repositories\1\org\apache\commons\commons-exec\1.3\commons-exec-1.3.jar;C:\ProgramData\Jenkins\.jenkins\maven-repositories\1\com\google\guava\guava\25.0-jre\guava-25.0-jre.jar;C:\ProgramData\Jenkins\.jenkins\maven-repositories\1\com\google\code\findbugs\jsr305\1.3.9\jsr305-1.3.9.jar;C:\ProgramData\Jenkins\.jenkins\maven-repositories\1\org\checkerframework\checker-compat-qual\2.0.0\checker-compat-qual-2.0.0.jar;C:\ProgramData\Jenkins\.jenkins\maven-repositories\1\com\google\errorprone\error_prone_annotations\2.1.3\error_prone_annotations-2.1.3.jar;C:\ProgramData\Jenkins\.jenkins\maven-repositories\1\com\google\j2objc\j2objc-annotations\1.1\j2objc-annotations-1.1.jar;C:\ProgramData\Jenkins\.jenkins\maven-repositories\1\org\codehaus\mojo\animal-sniffer-annotations\1.14\animal-sniffer-annotations-1.14.jar;C:\ProgramData\Jenkins\.jenkins\maven-repositories\1\com\squareup\okhttp3\okhttp\3.11.0\okhttp-3.11.0.jar;C:\ProgramData\Jenkins\.jenkins\maven-repositories\1\com\squareup\okio\okio\1.14.0\okio-1.14.0.jar;C:\ProgramData\Jenkins\.jenkins\maven-repositories\1\org\seleniumhq\selenium\selenium-chrome-driver\3.141.59\selenium-chrome-driver-3.141.59.jar;C:\ProgramData\Jenkins\.jenkins\maven-repositories\1\org\seleniumhq\selenium\selenium-firefox-driver\3.141.59\selenium-firefox-driver-3.141.59.jar;C:\ProgramData\Jenkins\.jenkins\maven-repositories\1\com\aventstack\extentreports\3.1.5\extentreports-3.1.5.jar;C:\ProgramData\Jenkins\.jenkins\maven-repositories\1\org\freemarker\freemarker\2.3.23\freemarker-2.3.23.jar;C:\ProgramData\Jenkins\.jenkins\maven-repositories\1\org\mongodb\mongodb-driver\3.3.0\mongodb-driver-3.3.0.jar;C:\ProgramData\Jenkins\.jenkins\maven-repositories\1\org\mongodb\bson\3.3.0\bson-3.3.0.jar;C:\ProgramData\Jenkins\.jenkins\maven-repositories\1\org\mongodb\mongodb-driver-core\3.3.0\mongodb-driver-core-3.3.0.jar;C:\ProgramData\Jenkins\.jenkins\maven-repositories\1\org\apache\httpcomponents\httpclient\4.5.2\httpclient-4.5.2.jar;C:\ProgramData\Jenkins\.jenkins\maven-repositories\1\org\apache\httpcomponents\httpcore\4.4.4\httpcore-4.4.4.jar;C:\ProgramData\Jenkins\.jenkins\maven-repositories\1\commons-logging\commons-logging\1.2\commons-logging-1.2.jar;C:\ProgramData\Jenkins\.jenkins\maven-repositories\1\org\apache\httpcomponents\httpmime\4.5.2\httpmime-4.5.2.jar;C:\ProgramData\Jenkins\.jenkins\maven-repositories\1\org\jsoup\jsoup\1.9.2\jsoup-1.9.2.jar;C:\ProgramData\Jenkins\.jenkins\maven-repositories\1\com\google\code\gson\gson\2.8.0\gson-2.8.0.jar;C:\ProgramData\Jenkins\.jenkins\maven-repositories\1\org\testng\testng\7.3.0\testng-7.3.0.jar;C:\ProgramData\Jenkins\.jenkins\maven-repositories\1\com\beust\jcommander\1.78\jcommander-1.78.jar;C:\ProgramData\Jenkins\.jenkins\maven-repositories\1\org\apache\ant\ant\1.10.3\ant-1.10.3.jar;C:\ProgramData\Jenkins\.jenkins\maven-repositories\1\org\apache\ant\ant-launcher\1.10.3\ant-launcher-1.10.3.jar;C:\ProgramData\Jenkins\.jenkins\maven-repositories\1\junit\junit\4.12\junit-4.12.jar;C:\ProgramData\Jenkins\.jenkins\maven-repositories\1\org\hamcrest\hamcrest-core\1.3\hamcrest-core-1.3.jar;C:\ProgramData\Jenkins\.jenkins\maven-repositories\1\com\google\inject\guice\4.2.2\guice-4.2.2-no_aop.jar;C:\ProgramData\Jenkins\.jenkins\maven-repositories\1\javax\inject\javax.inject\1\javax.inject-1.jar;C:\ProgramData\Jenkins\.jenkins\maven-repositories\1\aopalliance\aopalliance\1.0\aopalliance-1.0.jar;C:\ProgramData\Jenkins\.jenkins\maven-repositories\1\org\yaml\snakeyaml\1.21\snakeyaml-1.21.jar;C:\ProgramData\Jenkins\.jenkins\maven-repositories\1\org\apache\poi\poi\4.1.2\poi-4.1.2.jar;C:\ProgramData\Jenkins\.jenkins\maven-repositories\1\commons-codec\commons-codec\1.13\commons-codec-1.13.jar;C:\ProgramData\Jenkins\.jenkins\maven-repositories\1\org\apache\commons\commons-collections4\4.4\commons-collections4-4.4.jar;C:\ProgramData\Jenkins\.jenkins\maven-repositories\1\org\apache\commons\commons-math3\3.6.1\commons-math3-3.6.1.jar;C:\ProgramData\Jenkins\.jenkins\maven-repositories\1\com\zaxxer\SparseBitSet\1.2\SparseBitSet-1.2.jar;C:\ProgramData\Jenkins\.jenkins\maven-repositories\1\org\apache\poi\poi-ooxml\4.1.2\poi-ooxml-4.1.2.jar;C:\ProgramData\Jenkins\.jenkins\maven-repositories\1\org\apache\poi\poi-ooxml-schemas\4.1.2\poi-ooxml-schemas-4.1.2.jar;C:\ProgramData\Jenkins\.jenkins\maven-repositories\1\org\apache\xmlbeans\xmlbeans\3.1.0\xmlbeans-3.1.0.jar;C:\ProgramData\Jenkins\.jenkins\maven-repositories\1\org\apache\commons\commons-compress\1.19\commons-compress-1.19.jar;C:\ProgramData\Jenkins\.jenkins\maven-repositories\1\com\github\virtuald\curvesapi\1.06\curvesapi-1.06.jar;C:\ProgramData\Jenkins\.jenkins\maven-repositories\1\org\seleniumhq\selenium\selenium-edge-driver\3.141.59\selenium-edge-driver-3.141.59.jar;"/>
    <property name="java.vm.vendor" value="Oracle Corporation"/>
    <property name="sun.arch.data.model" value="64"/>
    <property name="user.variant" value=""/>
    <property name="java.vendor.url" value="http://java.oracle.com/"/>
    <property name="user.timezone" value="Asia/Calcutta"/>
    <property name="java.vm.specification.version" value="1.8"/>
    <property name="os.name" value="Windows 10"/>
    <property name="user.country" value="IN"/>
    <property name="sun.java.launcher" value="SUN_STANDARD"/>
    <property name="sun.boot.library.path" value="C:\Program Files\Java\jre1.8.0_271\bin"/>
    <property name="sun.java.command" value="C:\Windows\Temp\surefire2171982165503712635\surefirebooter4143354866331197336.jar C:\Windows\Temp\surefire2171982165503712635 2022-02-09T10-33-57_213-jvmRun1 surefire5131920775977746817tmp surefire_03441639247769588137tmp"/>
    <property name="surefire.test.class.path" value="D:\PR\HospitalProject\HospitalProject\target\test-classes;D:\PR\HospitalProject\HospitalProject\target\classes;C:\ProgramData\Jenkins\.jenkins\maven-repositories\1\org\seleniumhq\selenium\selenium-java\3.141.59\selenium-java-3.141.59.jar;C:\ProgramData\Jenkins\.jenkins\maven-repositories\1\org\seleniumhq\selenium\selenium-api\3.141.59\selenium-api-3.141.59.jar;C:\ProgramData\Jenkins\.jenkins\maven-repositories\1\org\seleniumhq\selenium\selenium-ie-driver\3.141.59\selenium-ie-driver-3.141.59.jar;C:\ProgramData\Jenkins\.jenkins\maven-repositories\1\org\seleniumhq\selenium\selenium-opera-driver\3.141.59\selenium-opera-driver-3.141.59.jar;C:\ProgramData\Jenkins\.jenkins\maven-repositories\1\org\seleniumhq\selenium\selenium-remote-driver\3.141.59\selenium-remote-driver-3.141.59.jar;C:\ProgramData\Jenkins\.jenkins\maven-repositories\1\org\seleniumhq\selenium\selenium-safari-driver\3.141.59\selenium-safari-driver-3.141.59.jar;C:\ProgramData\Jenkins\.jenkins\maven-repositories\1\org\seleniumhq\selenium\selenium-support\3.141.59\selenium-support-3.141.59.jar;C:\ProgramData\Jenkins\.jenkins\maven-repositories\1\net\bytebuddy\byte-buddy\1.8.15\byte-buddy-1.8.15.jar;C:\ProgramData\Jenkins\.jenkins\maven-repositories\1\org\apache\commons\commons-exec\1.3\commons-exec-1.3.jar;C:\ProgramData\Jenkins\.jenkins\maven-repositories\1\com\google\guava\guava\25.0-jre\guava-25.0-jre.jar;C:\ProgramData\Jenkins\.jenkins\maven-repositories\1\com\google\code\findbugs\jsr305\1.3.9\jsr305-1.3.9.jar;C:\ProgramData\Jenkins\.jenkins\maven-repositories\1\org\checkerframework\checker-compat-qual\2.0.0\checker-compat-qual-2.0.0.jar;C:\ProgramData\Jenkins\.jenkins\maven-repositories\1\com\google\errorprone\error_prone_annotations\2.1.3\error_prone_annotations-2.1.3.jar;C:\ProgramData\Jenkins\.jenkins\maven-repositories\1\com\google\j2objc\j2objc-annotations\1.1\j2objc-annotations-1.1.jar;C:\ProgramData\Jenkins\.jenkins\maven-repositories\1\org\codehaus\mojo\animal-sniffer-annotations\1.14\animal-sniffer-annotations-1.14.jar;C:\ProgramData\Jenkins\.jenkins\maven-repositories\1\com\squareup\okhttp3\okhttp\3.11.0\okhttp-3.11.0.jar;C:\ProgramData\Jenkins\.jenkins\maven-repositories\1\com\squareup\okio\okio\1.14.0\okio-1.14.0.jar;C:\ProgramData\Jenkins\.jenkins\maven-repositories\1\org\seleniumhq\selenium\selenium-chrome-driver\3.141.59\selenium-chrome-driver-3.141.59.jar;C:\ProgramData\Jenkins\.jenkins\maven-repositories\1\org\seleniumhq\selenium\selenium-firefox-driver\3.141.59\selenium-firefox-driver-3.141.59.jar;C:\ProgramData\Jenkins\.jenkins\maven-repositories\1\com\aventstack\extentreports\3.1.5\extentreports-3.1.5.jar;C:\ProgramData\Jenkins\.jenkins\maven-repositories\1\org\freemarker\freemarker\2.3.23\freemarker-2.3.23.jar;C:\ProgramData\Jenkins\.jenkins\maven-repositories\1\org\mongodb\mongodb-driver\3.3.0\mongodb-driver-3.3.0.jar;C:\ProgramData\Jenkins\.jenkins\maven-repositories\1\org\mongodb\bson\3.3.0\bson-3.3.0.jar;C:\ProgramData\Jenkins\.jenkins\maven-repositories\1\org\mongodb\mongodb-driver-core\3.3.0\mongodb-driver-core-3.3.0.jar;C:\ProgramData\Jenkins\.jenkins\maven-repositories\1\org\apache\httpcomponents\httpclient\4.5.2\httpclient-4.5.2.jar;C:\ProgramData\Jenkins\.jenkins\maven-repositories\1\org\apache\httpcomponents\httpcore\4.4.4\httpcore-4.4.4.jar;C:\ProgramData\Jenkins\.jenkins\maven-repositories\1\commons-logging\commons-logging\1.2\commons-logging-1.2.jar;C:\ProgramData\Jenkins\.jenkins\maven-repositories\1\org\apache\httpcomponents\httpmime\4.5.2\httpmime-4.5.2.jar;C:\ProgramData\Jenkins\.jenkins\maven-repositories\1\org\jsoup\jsoup\1.9.2\jsoup-1.9.2.jar;C:\ProgramData\Jenkins\.jenkins\maven-repositories\1\com\google\code\gson\gson\2.8.0\gson-2.8.0.jar;C:\ProgramData\Jenkins\.jenkins\maven-repositories\1\org\testng\testng\7.3.0\testng-7.3.0.jar;C:\ProgramData\Jenkins\.jenkins\maven-repositories\1\com\beust\jcommander\1.78\jcommander-1.78.jar;C:\ProgramData\Jenkins\.jenkins\maven-repositories\1\org\apache\ant\ant\1.10.3\ant-1.10.3.jar;C:\ProgramData\Jenkins\.jenkins\maven-repositories\1\org\apache\ant\ant-launcher\1.10.3\ant-launcher-1.10.3.jar;C:\ProgramData\Jenkins\.jenkins\maven-repositories\1\junit\junit\4.12\junit-4.12.jar;C:\ProgramData\Jenkins\.jenkins\maven-repositories\1\org\hamcrest\hamcrest-core\1.3\hamcrest-core-1.3.jar;C:\ProgramData\Jenkins\.jenkins\maven-repositories\1\com\google\inject\guice\4.2.2\guice-4.2.2-no_aop.jar;C:\ProgramData\Jenkins\.jenkins\maven-repositories\1\javax\inject\javax.inject\1\javax.inject-1.jar;C:\ProgramData\Jenkins\.jenkins\maven-repositories\1\aopalliance\aopalliance\1.0\aopalliance-1.0.jar;C:\ProgramData\Jenkins\.jenkins\maven-repositories\1\org\yaml\snakeyaml\1.21\snakeyaml-1.21.jar;C:\ProgramData\Jenkins\.jenkins\maven-repositories\1\org\apache\poi\poi\4.1.2\poi-4.1.2.jar;C:\ProgramData\Jenkins\.jenkins\maven-repositories\1\commons-codec\commons-codec\1.13\commons-codec-1.13.jar;C:\ProgramData\Jenkins\.jenkins\maven-repositories\1\org\apache\commons\commons-collections4\4.4\commons-collections4-4.4.jar;C:\ProgramData\Jenkins\.jenkins\maven-repositories\1\org\apache\commons\commons-math3\3.6.1\commons-math3-3.6.1.jar;C:\ProgramData\Jenkins\.jenkins\maven-repositories\1\com\zaxxer\SparseBitSet\1.2\SparseBitSet-1.2.jar;C:\ProgramData\Jenkins\.jenkins\maven-repositories\1\org\apache\poi\poi-ooxml\4.1.2\poi-ooxml-4.1.2.jar;C:\ProgramData\Jenkins\.jenkins\maven-repositories\1\org\apache\poi\poi-ooxml-schemas\4.1.2\poi-ooxml-schemas-4.1.2.jar;C:\ProgramData\Jenkins\.jenkins\maven-repositories\1\org\apache\xmlbeans\xmlbeans\3.1.0\xmlbeans-3.1.0.jar;C:\ProgramData\Jenkins\.jenkins\maven-repositories\1\org\apache\commons\commons-compress\1.19\commons-compress-1.19.jar;C:\ProgramData\Jenkins\.jenkins\maven-repositories\1\com\github\virtuald\curvesapi\1.06\curvesapi-1.06.jar;C:\ProgramData\Jenkins\.jenkins\maven-repositories\1\org\seleniumhq\selenium\selenium-edge-driver\3.141.59\selenium-edge-driver-3.141.59.jar;"/>
    <property name="sun.cpu.endian" value="little"/>
    <property name="user.home" value="C:\WINDOWS\system32\config\systemprofile"/>
    <property name="user.language" value="en"/>
    <property name="java.specification.vendor" value="Oracle Corporation"/>
    <property name="java.home" value="C:\Program Files\Java\jre1.8.0_271"/>
    <property name="basedir" value="D:\PR\HospitalProject\HospitalProject"/>
    <property name="file.separator" value="\"/>
    <property name="line.separator" value="&#10;"/>
    <property name="java.vm.specification.vendor" value="Oracle Corporation"/>
    <property name="java.specification.name" value="Java Platform API Specification"/>
    <property name="java.awt.graphicsenv" value="sun.awt.Win32GraphicsEnvironment"/>
    <property name="surefire.real.class.path" value="C:\Windows\Temp\surefire2171982165503712635\surefirebooter4143354866331197336.jar"/>
    <property name="sun.boot.class.path" value="C:\Program Files\Java\jre1.8.0_271\lib\resources.jar;C:\Program Files\Java\jre1.8.0_271\lib\rt.jar;C:\Program Files\Java\jre1.8.0_271\lib\sunrsasign.jar;C:\Program Files\Java\jre1.8.0_271\lib\jsse.jar;C:\Program Files\Java\jre1.8.0_271\lib\jce.jar;C:\Program Files\Java\jre1.8.0_271\lib\charsets.jar;C:\Program Files\Java\jre1.8.0_271\lib\jfr.jar;C:\Program Files\Java\jre1.8.0_271\classes"/>
    <property name="user.script" value=""/>
    <property name="sun.management.compiler" value="HotSpot 64-Bit Tiered Compilers"/>
    <property name="java.runtime.version" value="1.8.0_271-b09"/>
    <property name="user.name" value="VISHAL$"/>
    <property name="path.separator" value=";"/>
    <property name="os.version" value="10.0"/>
    <property name="java.endorsed.dirs" value="C:\Program Files\Java\jre1.8.0_271\lib\endorsed"/>
    <property name="java.runtime.name" value="Java(TM) SE Runtime Environment"/>
    <property name="file.encoding" value="Cp1252"/>
    <property name="java.vm.name" value="Java HotSpot(TM) 64-Bit Server VM"/>
    <property name="localRepository" value="C:\ProgramData\Jenkins\.jenkins\maven-repositories\1"/>
    <property name="java.vendor.url.bug" value="http://bugreport.sun.com/bugreport/"/>
    <property name="java.io.tmpdir" value="C:\WINDOWS\TEMP\"/>
    <property name="java.version" value="1.8.0_271"/>
    <property name="user.dir" value="D:\PR\HospitalProject\HospitalProject"/>
    <property name="os.arch" value="amd64"/>
    <property name="webdriver.gecko.driver" value="O:\Sample\geckodriver.exe"/>
    <property name="java.vm.specification.name" value="Java Virtual Machine Specification"/>
    <property name="java.awt.printerjob" value="sun.awt.windows.WPrinterJob"/>
    <property name="sun.os.patch.level" value=""/>
    <property name="java.library.path" value="C:\Program Files\Java\jre1.8.0_271\bin;C:\WINDOWS\Sun\Java\bin;C:\WINDOWS\system32;C:\WINDOWS;O:\Sample\apache-maven-3.8.4/bin;C:\Program Files (x86)\Common Files\Oracle\Java\javapath;C:\Program Files (x86)\Intel\Intel(R) Management Engine Components\iCLS\;C:\Program Files\Intel\Intel(R) Management Engine Components\iCLS\;C:\Windows\system32;C:\Windows;C:\Windows\System32\Wbem;C:\Windows\System32\WindowsPowerShell\v1.0\;C:\Program Files (x86)\Intel\Intel(R) Management Engine Components\DAL;C:\Program Files\Intel\Intel(R) Management Engine Components\DAL;C:\Program Files (x86)\Intel\Intel(R) Management Engine Components\IPT;C:\Program Files\Intel\Intel(R) Management Engine Components\IPT;C:\Program Files (x86)\NVIDIA Corporation\PhysX\Common;C:\Program Files\Intel\WiFi\bin\;C:\Program Files\Common Files\Intel\WirelessCommon\;C:\WINDOWS\system32;C:\WINDOWS;C:\WINDOWS\System32\Wbem;C:\WINDOWS\System32\WindowsPowerShell\v1.0\;C:\WINDOWS\System32\OpenSSH\;C:\Python34;C:\Python34\Scripts;C:\Program Files\NVIDIA Corporation\NVIDIA NvDLISR;C:\WINDOWS\system32;C:\WINDOWS;C:\WINDOWS\System32\Wbem;C:\WINDOWS\System32\WindowsPowerShell\v1.0\;C:\WINDOWS\System32\OpenSSH\;C:\Program Files\PuTTY\;C:\Program Files\nodejs\;D:\Flutter\flutter\bin;C:\WINDOWS\system32\config\systemprofile\AppData\Local\Microsoft\WindowsApps;."/>
    <property name="java.vm.info" value="mixed mode"/>
    <property name="java.vendor" value="Oracle Corporation"/>
    <property name="java.vm.version" value="25.271-b09"/>
    <property name="java.ext.dirs" value="C:\Program Files\Java\jre1.8.0_271\lib\ext;C:\WINDOWS\Sun\Java\lib\ext"/>
    <property name="sun.io.unicode.encoding" value="UnicodeLittle"/>
    <property name="maven.repo.local" value="C:\ProgramData\Jenkins\.jenkins\maven-repositories\1"/>
    <property name="java.class.version" value="52.0"/>
  </properties>
  <testcase name="getHospitalNames[firefox](1)" classname="RunTest.TestClass" time="39.114">
    <system-out><![CDATA[Enter Browser Name
*************************List of Hospitals open 24*7 *********************************
****************************************************************************
Motherhood Hospital
Koshys Hospital
NU Hospitals
Specialist Hospital
Apollo Cradle & Childrenâ€™s Hospital
Cloudnine Hospital - Old Airport Road
Queens Hospital
Jayashree Speciality Hospital
Cloudnine Hospital
Cloudnine Hospital - Whitefield
]]></system-out>
    <system-err><![CDATA[1644383053475	geckodriver	INFO	Listening on 127.0.0.1:27030
1644383054516	mozrunner::runner	INFO	Running command: "C:\\Program Files\\Mozilla Firefox\\firefox.exe" "--marionette" "-no-remote" "-profile" "C:\\WINDOWS\\TEMP\\rust_mozprofileKcTeaS"
1644383055636	Marionette	INFO	Marionette enabled
[GFX1-]: RcANGLE(no compositor window)
[GFX1-]: Failed to connect WebRenderBridgeChild.
[GFX1-]: Fallback WR to SW-WR + D3D11
[GFX1-]: [D3D11] create swap chain failed: 0x887a0022, 0
[GFX1-]: Failed to initialize CompositorD3D11 for SWGL: FEATURE_FAILURE_D3D11_SWAP_CHAIN
console.warn: SearchSettings: "get: No settings file exists, new profile?" (new NotFoundError("Could not open the file at C:\\Windows\\Temp\\rust_mozprofileKcTeaS\\search.json.mozlz4", (void 0)))
[GFX1-]: [D3D11] create swap chain failed: 0x887a0022, 0
[GFX1-]: Failed to initialize CompositorD3D11 for SWGL: FEATURE_FAILURE_D3D11_SWAP_CHAIN
1644383059458	Marionette	INFO	Listening on port 53394
1644383059894	RemoteAgent	WARN	TLS certificate errors will be ignored for this session
Feb 09, 2022 10:34:19 AM org.openqa.selenium.remote.ProtocolHandshake createSession
INFO: Detected dialect: W3C
JavaScript error: resource://gre/modules/XULStore.jsm, line 66: Error: Can't find profile directory.
JavaScript error: resource://gre/modules/XULStore.jsm, line 66: Error: Can't find profile directory.
]]></system-err>
  </testcase>
  <testcase name="Diagnosticpage" classname="RunTest.TestClass" time="6.785">
    <system-out><![CDATA[*************************List Of Top Cities**********************
****************************************************************
Bangalore
Delhi
Mumbai
Chennai
Hyderabad
Pune
]]></system-out>
  </testcase>
  <testcase name="CopWelleness" classname="RunTest.TestClass" time="84.313">
    <system-err><![CDATA[console.warn: LoginRecipes: "getRecipes: falling back to a synchronous message for:" "https://www.practo.com"
org.openqa.selenium.ElementClickInterceptedException: Element <button id="button-style" class="g-recaptcha" type="submit"> is not clickable at point (505,573) because another element <iframe name="c-6vup0wii7jkj" src="https://www.google.com/recaptcha/api2/bframe?hl=en&v=1p3YWy80wlZ7Q8QFR1gjazwU&k=6LcgVBgUAAAAANU9A74W9CtzZ3NeJdhbGIoUbDXG"> obscures it
Build info: version: '3.141.59', revision: 'e82be7d358', time: '2018-11-14T08:17:03'
System info: host: 'VISHAL', ip: '192.168.0.110', os.name: 'Windows 10', os.arch: 'amd64', os.version: '10.0', java.version: '1.8.0_271'
Driver info: org.openqa.selenium.firefox.FirefoxDriver
Capabilities {acceptInsecureCerts: true, browserName: firefox, browserVersion: 96.0.3, javascriptEnabled: true, moz:accessibilityChecks: false, moz:buildID: 20220126154723, moz:geckodriverVersion: 0.30.0, moz:headless: false, moz:processID: 9948, moz:profile: C:\Windows\Temp\rust_mozpro..., moz:shutdownTimeout: 60000, moz:useNonSpecCompliantPointerOrigin: false, moz:webdriverClick: true, pageLoadStrategy: normal, platform: WINDOWS, platformName: WINDOWS, platformVersion: 10.0, proxy: Proxy(), setWindowRect: true, strictFileInteractability: false, timeouts: {implicit: 0, pageLoad: 300000, script: 30000}, unhandledPromptBehavior: dismiss and notify}
Session ID: f29d5f0f-b7ab-4106-b4f8-2e4fa232045f
	at sun.reflect.NativeConstructorAccessorImpl.newInstance0(Native Method)
	at sun.reflect.NativeConstructorAccessorImpl.newInstance(Unknown Source)
	at sun.reflect.DelegatingConstructorAccessorImpl.newInstance(Unknown Source)
	at java.lang.reflect.Constructor.newInstance(Unknown Source)
	at org.openqa.selenium.remote.http.W3CHttpResponseCodec.createException(W3CHttpResponseCodec.java:187)
	at org.openqa.selenium.remote.http.W3CHttpResponseCodec.decode(W3CHttpResponseCodec.java:122)
	at org.openqa.selenium.remote.http.W3CHttpResponseCodec.decode(W3CHttpResponseCodec.java:49)
	at org.openqa.selenium.remote.HttpCommandExecutor.execute(HttpCommandExecutor.java:158)
	at org.openqa.selenium.remote.service.DriverCommandExecutor.execute(DriverCommandExecutor.java:83)
	at org.openqa.selenium.remote.RemoteWebDriver.execute(RemoteWebDriver.java:552)
	at org.openqa.selenium.remote.RemoteWebElement.execute(RemoteWebElement.java:285)
	at org.openqa.selenium.remote.RemoteWebElement.click(RemoteWebElement.java:84)
	at sun.reflect.NativeMethodAccessorImpl.invoke0(Native Method)
	at sun.reflect.NativeMethodAccessorImpl.invoke(Unknown Source)
	at sun.reflect.DelegatingMethodAccessorImpl.invoke(Unknown Source)
	at java.lang.reflect.Method.invoke(Unknown Source)
	at org.openqa.selenium.support.pagefactory.internal.LocatingElementHandler.invoke(LocatingElementHandler.java:51)
	at com.sun.proxy.$Proxy9.click(Unknown Source)
	at com.AutomationScript.sample.corperateWellness.readFromExcel(corperateWellness.java:193)
	at com.AutomationScript.sample.corperateWellness.enterData(corperateWellness.java:99)
	at RunTest.TestClass.CopWelleness(TestClass.java:98)
	at sun.reflect.NativeMethodAccessorImpl.invoke0(Native Method)
	at sun.reflect.NativeMethodAccessorImpl.invoke(Unknown Source)
	at sun.reflect.DelegatingMethodAccessorImpl.invoke(Unknown Source)
	at java.lang.reflect.Method.invoke(Unknown Source)
	at org.testng.internal.MethodInvocationHelper.invokeMethod(MethodInvocationHelper.java:132)
	at org.testng.internal.TestInvoker.invokeMethod(TestInvoker.java:599)
	at org.testng.internal.TestInvoker.invokeTestMethod(TestInvoker.java:174)
	at org.testng.internal.MethodRunner.runInSequence(MethodRunner.java:46)
	at org.testng.internal.TestInvoker$MethodInvocationAgent.invoke(TestInvoker.java:822)
	at org.testng.internal.TestInvoker.invokeTestMethods(TestInvoker.java:147)
	at org.testng.internal.TestMethodWorker.invokeTestMethods(TestMethodWorker.java:146)
	at org.testng.internal.TestMethodWorker.run(TestMethodWorker.java:128)
	at java.util.ArrayList.forEach(Unknown Source)
	at org.testng.TestRunner.privateRun(TestRunner.java:764)
	at org.testng.TestRunner.run(TestRunner.java:585)
	at org.testng.SuiteRunner.runTest(SuiteRunner.java:384)
	at org.testng.SuiteRunner.runSequentially(SuiteRunner.java:378)
	at org.testng.SuiteRunner.privateRun(SuiteRunner.java:337)
	at org.testng.SuiteRunner.run(SuiteRunner.java:286)
	at org.testng.SuiteRunnerWorker.runSuite(SuiteRunnerWorker.java:53)
	at org.testng.SuiteRunnerWorker.run(SuiteRunnerWorker.java:96)
	at org.testng.TestNG.runSuitesSequentially(TestNG.java:1218)
	at org.testng.TestNG.runSuitesLocally(TestNG.java:1140)
	at org.testng.TestNG.runSuites(TestNG.java:1069)
	at org.testng.TestNG.run(TestNG.java:1037)
	at org.apache.maven.surefire.testng.TestNGExecutor.run(TestNGExecutor.java:284)
	at org.apache.maven.surefire.testng.TestNGXmlTestSuite.execute(TestNGXmlTestSuite.java:75)
	at org.apache.maven.surefire.testng.TestNGProvider.invoke(TestNGProvider.java:119)
	at org.apache.maven.surefire.booter.ForkedBooter.runSuitesInProcess(ForkedBooter.java:428)
	at org.apache.maven.surefire.booter.ForkedBooter.execute(ForkedBooter.java:162)
	at org.apache.maven.surefire.booter.ForkedBooter.run(ForkedBooter.java:562)
	at org.apache.maven.surefire.booter.ForkedBooter.main(ForkedBooter.java:548)
1644383179170	Marionette	INFO	Stopped listening on port 53394

###!!! [Parent][RunMessage] Error: Channel closing: too late to send/recv, messages will be lost

]]></system-err>
  </testcase>
</testsuite>