<?xml version="1.0" encoding="UTF-8"?>
<testng-results ignored="0" total="3" passed="3" failed="0" skipped="0">
  <reporter-output>
  </reporter-output>
  <suite started-at="2022-02-09T10:43:45 IST" name="Suite" finished-at="2022-02-09T10:46:26 IST" duration-ms="161882">
    <groups>
      <group name="regression">
        <method signature="TestClass.CopWelleness()[pri:2, instance:RunTest.TestClass@3f6b0be5]" name="CopWelleness" class="RunTest.TestClass"/>
      </group> <!-- regression -->
      <group name="smoke">
        <method signature="TestClass.getHospitalNames(java.lang.String)[pri:1, instance:RunTest.TestClass@3f6b0be5]" name="getHospitalNames" class="RunTest.TestClass"/>
        <method signature="TestClass.Diagnosticpage()[pri:3, instance:RunTest.TestClass@3f6b0be5]" name="Diagnosticpage" class="RunTest.TestClass"/>
      </group> <!-- smoke -->
    </groups>
    <test started-at="2022-02-09T10:43:45 IST" name="Test" finished-at="2022-02-09T10:46:26 IST" duration-ms="161882">
      <class name="RunTest.TestClass">
        <test-method signature="getHospitalNames(java.lang.String)[pri:1, instance:RunTest.TestClass@3f6b0be5]" started-at="2022-02-09T10:43:45 IST" name="getHospitalNames" finished-at="2022-02-09T10:44:36 IST" duration-ms="51515" status="PASS">
          <params>
            <param index="0">
              <value>
                <![CDATA[firefox]]>
              </value>
            </param>
          </params>
          <reporter-output>
          </reporter-output>
        </test-method> <!-- getHospitalNames -->
        <test-method signature="Diagnosticpage()[pri:3, instance:RunTest.TestClass@3f6b0be5]" started-at="2022-02-09T10:44:36 IST" name="Diagnosticpage" finished-at="2022-02-09T10:44:41 IST" depends-on-methods="RunTest.TestClass.getHospitalNames" duration-ms="4929" status="PASS">
          <reporter-output>
          </reporter-output>
        </test-method> <!-- Diagnosticpage -->
        <test-method signature="CopWelleness()[pri:2, instance:RunTest.TestClass@3f6b0be5]" started-at="2022-02-09T10:44:41 IST" name="CopWelleness" finished-at="2022-02-09T10:46:26 IST" depends-on-methods="RunTest.TestClass.Diagnosticpage" duration-ms="105370" status="PASS">
          <reporter-output>
          </reporter-output>
        </test-method> <!-- CopWelleness -->
      </class> <!-- RunTest.TestClass -->
    </test> <!-- Test -->
  </suite> <!-- Suite -->
</testng-results>
